e:\博弈实验室\二打一斗地主\knighteam-ddz2\knighteam-ddz2\debug\vc120.pdb
e:\博弈实验室\二打一斗地主\knighteam-ddz2\knighteam-ddz2\debug\vc120.idb
e:\博弈实验室\二打一斗地主\knighteam-ddz2\knighteam-ddz2\debug\ddzcombfactory.nativecodeanalysis.xml
e:\博弈实验室\二打一斗地主\knighteam-ddz2\knighteam-ddz2\debug\ddzmain.nativecodeanalysis.xml
e:\博弈实验室\二打一斗地主\knighteam-ddz2\knighteam-ddz2\debug\ddzmovemanager.nativecodeanalysis.xml
e:\博弈实验室\二打一斗地主\knighteam-ddz2\knighteam-ddz2\debug\ddzplayer.nativecodeanalysis.xml
e:\博弈实验室\二打一斗地主\knighteam-ddz2\knighteam-ddz2\debug\eveluation.nativecodeanalysis.xml
e:\博弈实验室\二打一斗地主\knighteam-ddz2\knighteam-ddz2\debug\filewriter.nativecodeanalysis.xml
e:\博弈实验室\二打一斗地主\knighteam-ddz2\knighteam-ddz2\debug\movegenerator.nativecodeanalysis.xml
e:\博弈实验室\二打一斗地主\knighteam-ddz2\knighteam-ddz2\debug\player.nativecodeanalysis.xml
e:\博弈实验室\二打一斗地主\knighteam-ddz2\knighteam-ddz2\debug\publicvar.nativecodeanalysis.xml
e:\博弈实验室\二打一斗地主\knighteam-ddz2\knighteam-ddz2\debug\searchengine.nativecodeanalysis.xml
e:\博弈实验室\二打一斗地主\knighteam-ddz2\knighteam-ddz2\debug\stdafx.nativecodeanalysis.xml
e:\博弈实验室\二打一斗地主\knighteam-ddz2\knighteam-ddz2\debug\stringutil.nativecodeanalysis.xml
e:\博弈实验室\二打一斗地主\knighteam-ddz2\knighteam-ddz2\debug\thinktable.nativecodeanalysis.xml
e:\博弈实验室\二打一斗地主\knighteam-ddz2\knighteam-ddz2\debug\vectorutil.nativecodeanalysis.xml
e:\博弈实验室\二打一斗地主\knighteam-ddz2\knighteam-ddz2\debug\vectorutil.obj
e:\博弈实验室\二打一斗地主\knighteam-ddz2\knighteam-ddz2\debug\thinktable.obj
e:\博弈实验室\二打一斗地主\knighteam-ddz2\knighteam-ddz2\debug\stringutil.obj
e:\博弈实验室\二打一斗地主\knighteam-ddz2\knighteam-ddz2\debug\stdafx.obj
e:\博弈实验室\二打一斗地主\knighteam-ddz2\knighteam-ddz2\debug\searchengine.obj
e:\博弈实验室\二打一斗地主\knighteam-ddz2\knighteam-ddz2\debug\publicvar.obj
e:\博弈实验室\二打一斗地主\knighteam-ddz2\knighteam-ddz2\debug\player.obj
e:\博弈实验室\二打一斗地主\knighteam-ddz2\knighteam-ddz2\debug\movegenerator.obj
e:\博弈实验室\二打一斗地主\knighteam-ddz2\knighteam-ddz2\debug\filewriter.obj
e:\博弈实验室\二打一斗地主\knighteam-ddz2\knighteam-ddz2\debug\eveluation.obj
e:\博弈实验室\二打一斗地主\knighteam-ddz2\knighteam-ddz2\debug\ddzplayer.obj
e:\博弈实验室\二打一斗地主\knighteam-ddz2\knighteam-ddz2\debug\ddzmovemanager.obj
e:\博弈实验室\二打一斗地主\knighteam-ddz2\knighteam-ddz2\debug\ddzmain.obj
e:\博弈实验室\二打一斗地主\knighteam-ddz2\knighteam-ddz2\debug\ddzcombfactory.obj
e:\博弈实验室\二打一斗地主\knighteam-ddz2\knighteam-ddz2\debug\knighteam-ddz2.tlog\cl.command.1.tlog
e:\博弈实验室\二打一斗地主\knighteam-ddz2\knighteam-ddz2\debug\knighteam-ddz2.tlog\cl.read.1.tlog
e:\博弈实验室\二打一斗地主\knighteam-ddz2\knighteam-ddz2\debug\knighteam-ddz2.tlog\cl.write.1.tlog
