生成启动时间为 2015/8/26 12:26:38。
     1>项目“E:\博弈实验室\二打一斗地主\KnighTeam-DDZ2\KnighTeam-DDZ2\KnighTeam-DDZ2.vcxproj”在节点 2 上(Build 个目标)。
     1>ClCompile:
         E:\360\VC\bin\CL.exe /c /Zi /nologo /W3 /WX- /O2 /Oi /Oy- /GL /D WIN32 /D NDEBUG /D _CONSOLE /D _UNICODE /D UNICODE /Gm- /EHsc /MD /GS /Gy /fp:precise /Zc:wchar_t /Zc:forScope /Fo"Release\\" /Fd"Release\vc120.pdb" /Gd /TP /analyze- /errorReport:prompt AlphaBeta.cpp DDZCombFactory.cpp DDZMain.cpp DDZMoveManager.cpp DDZPlayer.cpp Eveluation.cpp FileWriter.cpp MCSearch.cpp MoveGenerator.cpp Player.cpp PublicVar.cpp SearchEngine.cpp SplitCards.cpp ThinkTable.cpp UCTSearch.cpp
         AlphaBeta.cpp
     1>AlphaBeta.cpp(166): warning C4018: “<”: 有符号/无符号不匹配
     1>AlphaBeta.cpp(209): warning C4018: “<”: 有符号/无符号不匹配
         DDZCombFactory.cpp
     1>DDZCombFactory.cpp(350): warning C4018: “>=”: 有符号/无符号不匹配
     1>DDZCombFactory.cpp(376): warning C4018: “<”: 有符号/无符号不匹配
     1>DDZCombFactory.cpp(434): warning C4018: “<”: 有符号/无符号不匹配
     1>DDZCombFactory.cpp(484): warning C4018: “<=”: 有符号/无符号不匹配
     1>DDZCombFactory.cpp(563): warning C4018: “>”: 有符号/无符号不匹配
     1>DDZCombFactory.cpp(602): warning C4018: “<”: 有符号/无符号不匹配
     1>DDZCombFactory.cpp(892): warning C4018: “<”: 有符号/无符号不匹配
     1>DDZCombFactory.cpp(902): warning C4018: “<”: 有符号/无符号不匹配
     1>DDZCombFactory.cpp(940): warning C4018: “<”: 有符号/无符号不匹配
     1>DDZCombFactory.cpp(956): warning C4018: “<”: 有符号/无符号不匹配
     1>DDZCombFactory.cpp(969): warning C4018: “<”: 有符号/无符号不匹配
     1>DDZCombFactory.cpp(1009): warning C4018: “<”: 有符号/无符号不匹配
         DDZMain.cpp
         DDZMoveManager.cpp
     1>DDZMoveManager.cpp(118): warning C4018: “<”: 有符号/无符号不匹配
     1>DDZMoveManager.cpp(158): warning C4018: “<”: 有符号/无符号不匹配
     1>DDZMoveManager.cpp(172): warning C4018: “<”: 有符号/无符号不匹配
     1>DDZMoveManager.cpp(616): warning C4018: “>=”: 有符号/无符号不匹配
         DDZPlayer.cpp
     1>DDZPlayer.cpp(616): warning C4996: 'strncpy': This function or variable may be unsafe. Consider using strncpy_s instead. To disable deprecation, use _CRT_SECURE_NO_WARNINGS. See online help for details.
                 E:\360\VC\include\string.h(195) : 参见“strncpy”的声明
     1>DDZPlayer.cpp(757): warning C4018: “<”: 有符号/无符号不匹配
     1>DDZPlayer.cpp(1614): warning C4018: “>”: 有符号/无符号不匹配
         Eveluation.cpp
     1>Eveluation.cpp(757): warning C4244: “参数”: 从“time_t”转换到“unsigned int”，可能丢失数据
     1>Eveluation.cpp(832): warning C4244: “参数”: 从“time_t”转换到“unsigned int”，可能丢失数据
     1>Eveluation.cpp(936): warning C4018: “>”: 有符号/无符号不匹配
     1>Eveluation.cpp(1470): warning C4018: “<=”: 有符号/无符号不匹配
     1>Eveluation.cpp(1499): warning C4018: “<=”: 有符号/无符号不匹配
     1>Eveluation.cpp(1524): warning C4018: “<=”: 有符号/无符号不匹配
     1>Eveluation.cpp(1545): warning C4018: “<=”: 有符号/无符号不匹配
     1>Eveluation.cpp(1566): warning C4018: “<=”: 有符号/无符号不匹配
     1>Eveluation.cpp(1728): warning C4018: “<”: 有符号/无符号不匹配
     1>Eveluation.cpp(1828): warning C4018: “>=”: 有符号/无符号不匹配
         FileWriter.cpp
         MCSearch.cpp
         MoveGenerator.cpp
     1>MoveGenerator.cpp(1766): warning C4018: “<”: 有符号/无符号不匹配
     1>MoveGenerator.cpp(1777): warning C4018: “<”: 有符号/无符号不匹配
     1>MoveGenerator.cpp(1883): warning C4018: “<”: 有符号/无符号不匹配
         Player.cpp
         PublicVar.cpp
         SearchEngine.cpp
     1>SearchEngine.cpp(201): warning C4018: “<”: 有符号/无符号不匹配
         SplitCards.cpp
         ThinkTable.cpp
         UCTSearch.cpp
     1>UCTSearch.cpp(51): warning C4018: “<”: 有符号/无符号不匹配
     1>UCTSearch.cpp(71): warning C4018: “<”: 有符号/无符号不匹配
     1>UCTSearch.cpp(86): warning C4018: “<”: 有符号/无符号不匹配
     1>UCTSearch.cpp(116): warning C4018: “<”: 有符号/无符号不匹配
     1>UCTSearch.cpp(124): warning C4018: “<”: 有符号/无符号不匹配
     1>UCTSearch.cpp(226): warning C4244: “参数”: 从“time_t”转换到“unsigned int”，可能丢失数据
       Link:
         E:\360\VC\bin\link.exe /ERRORREPORT:PROMPT /OUT:"E:\博弈实验室\二打一斗地主\KnighTeam-DDZ2\Release\KnighTeam-DDZ2.exe" /INCREMENTAL:NO /NOLOGO kernel32.lib user32.lib gdi32.lib winspool.lib comdlg32.lib advapi32.lib shell32.lib ole32.lib oleaut32.lib uuid.lib odbc32.lib odbccp32.lib /MANIFEST /MANIFESTUAC:"level='asInvoker' uiAccess='false'" /manifest:embed /DEBUG /PDB:"E:\博弈实验室\二打一斗地主\KnighTeam-DDZ2\Release\KnighTeam-DDZ2.pdb" /SUBSYSTEM:CONSOLE /OPT:REF /OPT:ICF /LTCG /TLBID:1 /DYNAMICBASE /NXCOMPAT /IMPLIB:"E:\博弈实验室\二打一斗地主\KnighTeam-DDZ2\Release\KnighTeam-DDZ2.lib" /MACHINE:X86 /SAFESEH Release\AlphaBeta.obj
         Release\DDZCombFactory.obj
         Release\DDZMain.obj
         Release\DDZMoveManager.obj
         Release\DDZPlayer.obj
         Release\Eveluation.obj
         Release\FileWriter.obj
         Release\MCSearch.obj
         Release\MoveGenerator.obj
         Release\Player.obj
         Release\PublicVar.obj
         Release\SearchEngine.obj
         Release\SplitCards.obj
         Release\stdafx.obj
         Release\StringUtil.obj
         Release\ThinkTable.obj
         Release\UCTSearch.obj
         Release\VectorUtil.obj
         正在生成代码
         已完成代码的生成
         KnighTeam-DDZ2.vcxproj -> E:\博弈实验室\二打一斗地主\KnighTeam-DDZ2\Release\KnighTeam-DDZ2.exe
     1>已完成生成项目“E:\博弈实验室\二打一斗地主\KnighTeam-DDZ2\KnighTeam-DDZ2\KnighTeam-DDZ2.vcxproj”(Build 个目标)的操作。

生成成功。

已用时间 00:00:11.38
